[0.058s] Invoking command in '/home/mechatech/dev_ws/src/dc_test/build/dc_test': CMAKE_PREFIX_PATH=${CMAKE_PREFIX_PATH}:/opt/ros/humble /usr/bin/cmake --build /home/mechatech/dev_ws/src/dc_test/build/dc_test -- -j4 -l4
[0.245s] [35m[1mConsolidate compiler generated dependencies of target main[0m
[0.357s] [ 50%] [32mBuilding CXX object CMakeFiles/main.dir/src/main.cpp.o[0m
[10.733s] [01m[K/home/mechatech/dev_ws/src/dc_test/src/main.cpp:[m[K In member function â€˜[01m[Kvoid SerialNode::joy_callback(sensor_msgs::msg::Joy_<std::allocator<void> >::SharedPtr)[m[Kâ€™:
[10.733s] [01m[K/home/mechatech/dev_ws/src/dc_test/src/main.cpp:70:16:[m[K [01;31m[Kerror: [m[Kâ€˜[01m[Kstruct ControllerType[m[Kâ€™ has no member named â€˜[01m[Kmoter1[m[Kâ€™; did you mean â€˜[01m[Kmotor1[m[Kâ€™?
[10.734s]    70 |       con.data.[01;31m[Kmoter1[m[K = lx/2;
[10.734s]       |                [01;31m[K^~~~~~[m[K
[10.734s]       |                [32m[Kmotor1[m[K
[10.735s] [01m[K/home/mechatech/dev_ws/src/dc_test/src/main.cpp:72:16:[m[K [01;31m[Kerror: [m[Kâ€˜[01m[Kstruct ControllerType[m[Kâ€™ has no member named â€˜[01m[Kmoter1[m[Kâ€™; did you mean â€˜[01m[Kmotor1[m[Kâ€™?
[10.735s]    72 |       con.data.[01;31m[Kmoter1[m[K = 0;
[10.736s]       |                [01;31m[K^~~~~~[m[K
[10.736s]       |                [32m[Kmotor1[m[K
[19.523s] gmake[2]: *** [CMakeFiles/main.dir/build.make:76: CMakeFiles/main.dir/src/main.cpp.o] Error 1
[19.524s] gmake[1]: *** [CMakeFiles/Makefile2:137: CMakeFiles/main.dir/all] Error 2
[19.525s] gmake: *** [Makefile:146: all] Error 2
[19.532s] Invoked command in '/home/mechatech/dev_ws/src/dc_test/build/dc_test' returned '2': CMAKE_PREFIX_PATH=${CMAKE_PREFIX_PATH}:/opt/ros/humble /usr/bin/cmake --build /home/mechatech/dev_ws/src/dc_test/build/dc_test -- -j4 -l4
