[35m[1mConsolidate compiler generated dependencies of target main[0m
[ 50%] [32mBuilding CXX object CMakeFiles/main.dir/src/main.cpp.o[0m
[01m[K/home/mechatech/dev_ws/src/dc_test/src/main.cpp:[m[K In member function â€˜[01m[Kvoid SerialNode::joy_callback(sensor_msgs::msg::Joy_<std::allocator<void> >::SharedPtr)[m[Kâ€™:
[01m[K/home/mechatech/dev_ws/src/dc_test/src/main.cpp:70:14:[m[K [01;31m[Kerror: [m[Kâ€˜[01m[Kstruct ControllerType[m[Kâ€™ has no member named â€˜[01m[Kmoter1[m[Kâ€™; did you mean â€˜[01m[Kmotor1[m[Kâ€™?
   70 |     con.data.[01;31m[Kmoter1[m[K = 0;
      |              [01;31m[K^~~~~~[m[K
      |              [32m[Kmotor1[m[K
gmake[2]: *** [CMakeFiles/main.dir/build.make:76: CMakeFiles/main.dir/src/main.cpp.o] Error 1
gmake[1]: *** [CMakeFiles/Makefile2:137: CMakeFiles/main.dir/all] Error 2
gmake: *** [Makefile:146: all] Error 2
